빌드 시작: 2015-06-02 오후 1:09:55
     1>2 노드의 "C:\Users\user\Documents\Visual Studio 2010\Projects\complier3_20150531\complier3_20150531\complier3_20150531.vcxproj" 프로젝트(rebuild 대상)입니다.
     1>_PrepareForClean:
         "Debug\complier3_20150531.lastbuildstate" 파일을 삭제하고 있습니다.
       InitializeBuildStatus:
         "AlwaysCreate"이(가) 지정되었기 때문에 "Debug\complier3_20150531.unsuccessfulbuild"을(를) 만들고 있습니다.
       ClCompile:
         C:\Program Files (x86)\Microsoft Visual Studio 10.0\VC\bin\CL.exe /c /ZI /nologo /W3 /WX- /Od /Oy- /D WIN32 /D _DEBUG /D _CONSOLE /D _UNICODE /D UNICODE /Gm /EHsc /RTC1 /MDd /GS /fp:precise /Zc:wchar_t /Zc:forScope /Fo"Debug\\" /Fd"Debug\vc100.pdb" /Gd /TC /analyze- /errorReport:prompt lex.yy.c main.c parser_tab.c ReportError.c symbol.c
         symbol.c
         ReportError.c
         parser_tab.c
         main.c
         lex.yy.c
     1>lex.yy.c(1504): warning C4996: 'fileno': The POSIX name for this item is deprecated. Instead, use the ISO C++ conformant name: _fileno. See online help for details.
                 c:\program files (x86)\microsoft visual studio 10.0\vc\include\stdio.h(723) : 'fileno' 선언을 참조하십시오.
         코드를 생성하고 있습니다...
       ManifestResourceCompile:
         C:\Program Files (x86)\Microsoft SDKs\Windows\v7.0A\bin\rc.exe /nologo /fo"Debug\complier3_20150531.exe.embed.manifest.res" Debug\complier3_20150531_manifest.rc 
       Link:
         C:\Program Files (x86)\Microsoft Visual Studio 10.0\VC\bin\link.exe /ERRORREPORT:PROMPT /OUT:"C:\Users\user\Documents\Visual Studio 2010\Projects\complier3_20150531\Debug\complier3_20150531.exe" /INCREMENTAL /NOLOGO kernel32.lib user32.lib gdi32.lib winspool.lib comdlg32.lib advapi32.lib shell32.lib ole32.lib oleaut32.lib uuid.lib odbc32.lib odbccp32.lib /MANIFEST /ManifestFile:"Debug\complier3_20150531.exe.intermediate.manifest" /MANIFESTUAC:"level='asInvoker' uiAccess='false'" /DEBUG /PDB:"C:\Users\user\Documents\Visual Studio 2010\Projects\complier3_20150531\Debug\complier3_20150531.pdb" /SUBSYSTEM:CONSOLE /TLBID:1 /DYNAMICBASE /NXCOMPAT /IMPLIB:"C:\Users\user\Documents\Visual Studio 2010\Projects\complier3_20150531\Debug\complier3_20150531.lib" /MACHINE:X86 Debug\complier3_20150531.exe.embed.manifest.res
         Debug\lex.yy.obj
         Debug\main.obj
         Debug\parser_tab.obj
         Debug\ReportError.obj
         Debug\symbol.obj
       Manifest:
         "Debug\complier3_20150531.exe.embed.manifest" 파일을 삭제하고 있습니다.
         C:\Program Files (x86)\Microsoft SDKs\Windows\v7.0A\bin\mt.exe /nologo /verbose /out:"Debug\complier3_20150531.exe.embed.manifest" /manifest Debug\complier3_20150531.exe.intermediate.manifest
         C:\Program Files (x86)\Microsoft SDKs\Windows\v7.0A\bin\rc.exe /nologo /fo"Debug\complier3_20150531.exe.embed.manifest.res" Debug\complier3_20150531_manifest.rc 
       LinkEmbedManifest:
         C:\Program Files (x86)\Microsoft Visual Studio 10.0\VC\bin\link.exe /ERRORREPORT:PROMPT /OUT:"C:\Users\user\Documents\Visual Studio 2010\Projects\complier3_20150531\Debug\complier3_20150531.exe" /INCREMENTAL /NOLOGO kernel32.lib user32.lib gdi32.lib winspool.lib comdlg32.lib advapi32.lib shell32.lib ole32.lib oleaut32.lib uuid.lib odbc32.lib odbccp32.lib /MANIFEST /ManifestFile:"Debug\complier3_20150531.exe.intermediate.manifest" /MANIFESTUAC:"level='asInvoker' uiAccess='false'" /DEBUG /PDB:"C:\Users\user\Documents\Visual Studio 2010\Projects\complier3_20150531\Debug\complier3_20150531.pdb" /SUBSYSTEM:CONSOLE /TLBID:1 /DYNAMICBASE /NXCOMPAT /IMPLIB:"C:\Users\user\Documents\Visual Studio 2010\Projects\complier3_20150531\Debug\complier3_20150531.lib" /MACHINE:X86 Debug\complier3_20150531.exe.embed.manifest.res
         Debug\lex.yy.obj
         Debug\main.obj
         Debug\parser_tab.obj
         Debug\ReportError.obj
         Debug\symbol.obj
         complier3_20150531.vcxproj -> C:\Users\user\Documents\Visual Studio 2010\Projects\complier3_20150531\Debug\complier3_20150531.exe
       FinalizeBuildStatus:
         "Debug\complier3_20150531.unsuccessfulbuild" 파일을 삭제하고 있습니다.
         "Debug\complier3_20150531.lastbuildstate"에 연결(touching)하고 있습니다.
     1>"C:\Users\user\Documents\Visual Studio 2010\Projects\complier3_20150531\complier3_20150531\complier3_20150531.vcxproj" 프로젝트를 빌드했습니다(rebuild 대상).

빌드했습니다.

경과 시간: 00:00:02.09
