C:\Users\user\Documents\Visual Studio 2010\Projects\complier3_20150531\complier3_20150531\Debug\cl.command.1.tlog
C:\Users\user\Documents\Visual Studio 2010\Projects\complier3_20150531\complier3_20150531\Debug\CL.read.1.tlog
C:\Users\user\Documents\Visual Studio 2010\Projects\complier3_20150531\complier3_20150531\Debug\CL.write.1.tlog
C:\USERS\USER\DOCUMENTS\VISUAL STUDIO 2010\PROJECTS\COMPLIER3_20150531\COMPLIER3_20150531\DEBUG\COMPLIER3_20150531.EXE.EMBED.MANIFEST
C:\USERS\USER\DOCUMENTS\VISUAL STUDIO 2010\PROJECTS\COMPLIER3_20150531\COMPLIER3_20150531\DEBUG\COMPLIER3_20150531.EXE.EMBED.MANIFEST.RES
C:\USERS\USER\DOCUMENTS\VISUAL STUDIO 2010\PROJECTS\COMPLIER3_20150531\COMPLIER3_20150531\DEBUG\COMPLIER3_20150531.EXE.INTERMEDIATE.MANIFEST
C:\Users\user\Documents\Visual Studio 2010\Projects\complier3_20150531\complier3_20150531\Debug\complier3_20150531_manifest.rc
C:\USERS\USER\DOCUMENTS\VISUAL STUDIO 2010\PROJECTS\COMPLIER3_20150531\COMPLIER3_20150531\DEBUG\LEX.YY.OBJ
C:\Users\user\Documents\Visual Studio 2010\Projects\complier3_20150531\complier3_20150531\Debug\link.4648.read.1.tlog
C:\Users\user\Documents\Visual Studio 2010\Projects\complier3_20150531\complier3_20150531\Debug\link.4648.write.1.tlog
C:\Users\user\Documents\Visual Studio 2010\Projects\complier3_20150531\complier3_20150531\Debug\link.4648-cvtres.read.1.tlog
C:\Users\user\Documents\Visual Studio 2010\Projects\complier3_20150531\complier3_20150531\Debug\link.4648-cvtres.write.1.tlog
C:\Users\user\Documents\Visual Studio 2010\Projects\complier3_20150531\complier3_20150531\Debug\link.command.1.tlog
C:\Users\user\Documents\Visual Studio 2010\Projects\complier3_20150531\complier3_20150531\Debug\link.read.1.tlog
C:\Users\user\Documents\Visual Studio 2010\Projects\complier3_20150531\complier3_20150531\Debug\link.write.1.tlog
C:\Users\user\Documents\Visual Studio 2010\Projects\complier3_20150531\complier3_20150531\Debug\link-cvtres.read.1.tlog
C:\Users\user\Documents\Visual Studio 2010\Projects\complier3_20150531\complier3_20150531\Debug\link-cvtres.write.1.tlog
C:\USERS\USER\DOCUMENTS\VISUAL STUDIO 2010\PROJECTS\COMPLIER3_20150531\COMPLIER3_20150531\DEBUG\MAIN.OBJ
C:\Users\user\Documents\Visual Studio 2010\Projects\complier3_20150531\complier3_20150531\Debug\mt.command.1.tlog
C:\Users\user\Documents\Visual Studio 2010\Projects\complier3_20150531\complier3_20150531\Debug\mt.read.1.tlog
C:\Users\user\Documents\Visual Studio 2010\Projects\complier3_20150531\complier3_20150531\Debug\mt.write.1.tlog
C:\USERS\USER\DOCUMENTS\VISUAL STUDIO 2010\PROJECTS\COMPLIER3_20150531\COMPLIER3_20150531\DEBUG\PARSER_TAB.OBJ
C:\Users\user\Documents\Visual Studio 2010\Projects\complier3_20150531\complier3_20150531\Debug\rc.command.1.tlog
C:\Users\user\Documents\Visual Studio 2010\Projects\complier3_20150531\complier3_20150531\Debug\rc.read.1.tlog
C:\Users\user\Documents\Visual Studio 2010\Projects\complier3_20150531\complier3_20150531\Debug\rc.write.1.tlog
C:\USERS\USER\DOCUMENTS\VISUAL STUDIO 2010\PROJECTS\COMPLIER3_20150531\COMPLIER3_20150531\DEBUG\REPORTERROR.OBJ
C:\USERS\USER\DOCUMENTS\VISUAL STUDIO 2010\PROJECTS\COMPLIER3_20150531\COMPLIER3_20150531\DEBUG\SYMBOL.OBJ
C:\Users\user\Documents\Visual Studio 2010\Projects\complier3_20150531\complier3_20150531\Debug\vc100.idb
C:\USERS\USER\DOCUMENTS\VISUAL STUDIO 2010\PROJECTS\COMPLIER3_20150531\COMPLIER3_20150531\DEBUG\VC100.PDB
C:\USERS\USER\DOCUMENTS\VISUAL STUDIO 2010\PROJECTS\COMPLIER3_20150531\DEBUG\COMPLIER3_20150531.EXE
C:\USERS\USER\DOCUMENTS\VISUAL STUDIO 2010\PROJECTS\COMPLIER3_20150531\DEBUG\COMPLIER3_20150531.ILK
C:\USERS\USER\DOCUMENTS\VISUAL STUDIO 2010\PROJECTS\COMPLIER3_20150531\DEBUG\COMPLIER3_20150531.PDB
